::1 - - [01/Apr/2022:06:05:19 +0000] "GET / HTTP/1.1" 200 54 "-" "Mozilla/5.0 (Windows NT 10.0; Win64; x64) AppleWebKit/537.36 (KHTML, like Gecko) Chrome/100.0.4896.60 Safari/537.36"
::1 - - [01/Apr/2022:06:05:20 +0000] "GET /favicon.ico HTTP/1.1" 404 150 "http://localhost:8080/" "Mozilla/5.0 (Windows NT 10.0; Win64; x64) AppleWebKit/537.36 (KHTML, like Gecko) Chrome/100.0.4896.60 Safari/537.36"
::1 - - [01/Apr/2022:06:11:21 +0000] "GET /api/server/log/access HTTP/1.1" 200 399 "-" "Mozilla/5.0 (Windows NT 10.0; Win64; x64) AppleWebKit/537.36 (KHTML, like Gecko) Chrome/100.0.4896.60 Safari/537.36"
::1 - - [01/Apr/2022:06:17:51 +0000] "GET /api/server/log/access HTTP/1.1" 500 2524 "-" "Mozilla/5.0 (Windows NT 10.0; Win64; x64) AppleWebKit/537.36 (KHTML, like Gecko) Chrome/100.0.4896.60 Safari/537.36"
::1 - - [01/Apr/2022:06:20:14 +0000] "GET /api/server/log/access HTTP/1.1" 500 2524 "-" "Mozilla/5.0 (Windows NT 10.0; Win64; x64) AppleWebKit/537.36 (KHTML, like Gecko) Chrome/100.0.4896.60 Safari/537.36"
::1 - - [01/Apr/2022:06:20:44 +0000] "GET /api/server/log/access HTTP/1.1" 500 2524 "-" "Mozilla/5.0 (Windows NT 10.0; Win64; x64) AppleWebKit/537.36 (KHTML, like Gecko) Chrome/100.0.4896.60 Safari/537.36"
::1 - - [01/Apr/2022:06:21:09 +0000] "GET /api/server/log/access HTTP/1.1" 200 1222 "-" "Mozilla/5.0 (Windows NT 10.0; Win64; x64) AppleWebKit/537.36 (KHTML, like Gecko) Chrome/100.0.4896.60 Safari/537.36"
::1 - - [01/Apr/2022:06:21:24 +0000] "GET /api/server/log/access HTTP/1.1" 200 60 "-" "Mozilla/5.0 (Windows NT 10.0; Win64; x64) AppleWebKit/537.36 (KHTML, like Gecko) Chrome/100.0.4896.60 Safari/537.36"
::1 - - [01/Apr/2022:06:22:12 +0000] "GET /api/server/log/access HTTP/1.1" 401 28 "-" "Mozilla/5.0 (Windows NT 10.0; Win64; x64) AppleWebKit/537.36 (KHTML, like Gecko) Chrome/100.0.4896.60 Safari/537.36"
::1 - - [03/Apr/2022:08:36:27 +0000] "POST /api/ticket?id=order_JAPeu7cbFojkL8 HTTP/1.1" 200 1079 "-" "PostmanRuntime/7.29.0"
::1 - - [03/Apr/2022:08:36:42 +0000] "POST /api/ticket HTTP/1.1" 400 25 "-" "PostmanRuntime/7.29.0"
::1 - - [03/Apr/2022:08:36:50 +0000] "POST /api/ticket?id=order_JAPeu7cbFojkL HTTP/1.1" 404 35 "-" "PostmanRuntime/7.29.0"
::1 - - [03/Apr/2022:08:36:55 +0000] "POST /api/ticket?id=order_JAPeu7cbFojkL8 HTTP/1.1" 200 1079 "-" "PostmanRuntime/7.29.0"
::1 - - [03/Apr/2022:08:39:00 +0000] "POST /api/ticket?id=order_JAPeu7cbFojkL8 HTTP/1.1" 200 1079 "-" "PostmanRuntime/7.29.0"
::1 - - [03/Apr/2022:08:39:30 +0000] "POST /api/ticket?id=order_JAPeu7cbFojkL8 HTTP/1.1" 200 1079 "-" "PostmanRuntime/7.29.0"
::1 - - [03/Apr/2022:08:39:33 +0000] "POST /api/ticket?id=order_JAPeu7cbFojkL8 HTTP/1.1" 200 1079 "-" "PostmanRuntime/7.29.0"
::1 - - [03/Apr/2022:08:39:34 +0000] "POST /api/ticket?id=order_JAPeu7cbFojkL8 HTTP/1.1" 200 1079 "-" "PostmanRuntime/7.29.0"
::1 - - [03/Apr/2022:08:40:57 +0000] "POST /api/ticket?id=order_JAPeu7cbFojkL8 HTTP/1.1" 200 240 "-" "PostmanRuntime/7.29.0"
::1 - - [03/Apr/2022:08:41:29 +0000] "POST /api/ticket?id=order_JAPeu7cbFojkL8 HTTP/1.1" 200 240 "-" "PostmanRuntime/7.29.0"
::1 - - [03/Apr/2022:08:41:30 +0000] "POST /api/ticket?id=order_JAPeu7cbFojkL8 HTTP/1.1" 200 240 "-" "PostmanRuntime/7.29.0"
::1 - - [03/Apr/2022:08:41:31 +0000] "POST /api/ticket?id=order_JAPeu7cbFojkL8 HTTP/1.1" 200 240 "-" "PostmanRuntime/7.29.0"
::1 - - [03/Apr/2022:08:41:31 +0000] "POST /api/ticket?id=order_JAPeu7cbFojkL8 HTTP/1.1" 200 240 "-" "PostmanRuntime/7.29.0"
::1 - - [03/Apr/2022:08:41:32 +0000] "POST /api/ticket?id=order_JAPeu7cbFojkL8 HTTP/1.1" 200 240 "-" "PostmanRuntime/7.29.0"
::1 - - [03/Apr/2022:08:43:06 +0000] "GET /api/server/log/access HTTP/1.1" 401 28 "-" "PostmanRuntime/7.29.0"
::1 - - [03/Apr/2022:08:43:09 +0000] "GET /api/server/log/access HTTP/1.1" 401 28 "-" "PostmanRuntime/7.29.0"
::1 - - [03/Apr/2022:08:43:27 +0000] "GET /api/server/log/access HTTP/1.1" 200 3785 "-" "PostmanRuntime/7.29.0"
::1 - - [03/Apr/2022:08:43:40 +0000] "GET /api/server/log/access HTTP/1.1" 200 3897 "-" "PostmanRuntime/7.29.0"
::1 - - [03/Apr/2022:08:43:41 +0000] "GET /api/server/log/access HTTP/1.1" 200 4009 "-" "PostmanRuntime/7.29.0"
::1 - - [03/Apr/2022:08:43:42 +0000] "GET /api/server/log/access HTTP/1.1" 200 4121 "-" "PostmanRuntime/7.29.0"
::1 - - [03/Apr/2022:08:43:43 +0000] "GET /api/server/log/access HTTP/1.1" 200 4233 "-" "PostmanRuntime/7.29.0"
::1 - - [03/Apr/2022:08:52:43 +0000] "POST /api/ticket HTTP/1.1" 400 25 "-" "PostmanRuntime/7.29.0"
::1 - - [03/Apr/2022:08:53:56 +0000] "POST /api/ticket HTTP/1.1" 400 25 "-" "PostmanRuntime/7.29.0"
::1 - - [03/Apr/2022:08:55:57 +0000] "POST /api/ticket?id=order_JAPeu7cbFojkL8 HTTP/1.1" 200 240 "-" "PostmanRuntime/7.29.0"
::1 - - [03/Apr/2022:08:56:45 +0000] "GET /api/server/log/error HTTP/1.1" 401 28 "-" "PostmanRuntime/7.29.0"
::1 - - [03/Apr/2022:08:57:14 +0000] "GET /api/server/log/info HTTP/1.1" 404 236 "-" "PostmanRuntime/7.29.0"
::1 - - [03/Apr/2022:08:59:10 +0000] "GET /api/server/log/info HTTP/1.1" 404 236 "-" "PostmanRuntime/7.29.0"
::1 - - [03/Apr/2022:08:59:30 +0000] "GET /api/server/log/error HTTP/1.1" 200 204 "-" "PostmanRuntime/7.29.0"
::1 - - [03/Apr/2022:08:59:52 +0000] "GET /api/server/log/info HTTP/1.1" 200 - "-" "PostmanRuntime/7.29.0"
::1 - - [05/Apr/2022:03:58:56 +0000] "POST /api/send-otp HTTP/1.1" 200 126 "http://localhost:3000/" "Mozilla/5.0 (Macintosh; Intel Mac OS X 10_15_7) AppleWebKit/537.36 (KHTML, like Gecko) Chrome/100.0.4896.60 Safari/537.36"
::1 - - [05/Apr/2022:03:59:40 +0000] "POST /api/verify-otp HTTP/1.1" 200 274 "http://localhost:3000/" "Mozilla/5.0 (Macintosh; Intel Mac OS X 10_15_7) AppleWebKit/537.36 (KHTML, like Gecko) Chrome/100.0.4896.60 Safari/537.36"
::1 - - [05/Apr/2022:04:00:35 +0000] "POST /api/payment-success HTTP/1.1" 500 251 "http://localhost:3000/" "Mozilla/5.0 (Macintosh; Intel Mac OS X 10_15_7) AppleWebKit/537.36 (KHTML, like Gecko) Chrome/100.0.4896.60 Safari/537.36"
::1 - - [05/Apr/2022:04:01:26 +0000] "POST /api/verify-otp HTTP/1.1" 200 274 "http://localhost:3000/" "Mozilla/5.0 (Macintosh; Intel Mac OS X 10_15_7) AppleWebKit/537.36 (KHTML, like Gecko) Chrome/100.0.4896.60 Safari/537.36"
::1 - - [05/Apr/2022:04:01:50 +0000] "POST /api/payment-success HTTP/1.1" 500 251 "http://localhost:3000/" "Mozilla/5.0 (Macintosh; Intel Mac OS X 10_15_7) AppleWebKit/537.36 (KHTML, like Gecko) Chrome/100.0.4896.60 Safari/537.36"
::1 - - [05/Apr/2022:04:03:04 +0000] "POST /api/verify-otp HTTP/1.1" 200 274 "http://localhost:3000/" "Mozilla/5.0 (Macintosh; Intel Mac OS X 10_15_7) AppleWebKit/537.36 (KHTML, like Gecko) Chrome/100.0.4896.60 Safari/537.36"
::1 - - [05/Apr/2022:04:03:33 +0000] "POST /api/payment-success HTTP/1.1" 500 251 "http://localhost:3000/" "Mozilla/5.0 (Macintosh; Intel Mac OS X 10_15_7) AppleWebKit/537.36 (KHTML, like Gecko) Chrome/100.0.4896.60 Safari/537.36"
::1 - - [05/Apr/2022:04:04:51 +0000] "POST /api/verify-otp HTTP/1.1" 400 25 "http://localhost:3000/" "Mozilla/5.0 (Macintosh; Intel Mac OS X 10_15_7) AppleWebKit/537.36 (KHTML, like Gecko) Chrome/100.0.4896.60 Safari/537.36"
::1 - - [05/Apr/2022:04:05:12 +0000] "POST /api/send-otp HTTP/1.1" 200 126 "http://localhost:3000/" "Mozilla/5.0 (Macintosh; Intel Mac OS X 10_15_7) AppleWebKit/537.36 (KHTML, like Gecko) Chrome/100.0.4896.60 Safari/537.36"
::1 - - [05/Apr/2022:04:05:30 +0000] "POST /api/verify-otp HTTP/1.1" 200 274 "http://localhost:3000/" "Mozilla/5.0 (Macintosh; Intel Mac OS X 10_15_7) AppleWebKit/537.36 (KHTML, like Gecko) Chrome/100.0.4896.60 Safari/537.36"
::1 - - [05/Apr/2022:04:06:02 +0000] "POST /api/payment-success HTTP/1.1" 200 1079 "http://localhost:3000/" "Mozilla/5.0 (Macintosh; Intel Mac OS X 10_15_7) AppleWebKit/537.36 (KHTML, like Gecko) Chrome/100.0.4896.60 Safari/537.36"
::1 - - [05/Apr/2022:04:07:18 +0000] "POST /api/verify-otp HTTP/1.1" 200 274 "http://localhost:3000/" "Mozilla/5.0 (Macintosh; Intel Mac OS X 10_15_7) AppleWebKit/537.36 (KHTML, like Gecko) Chrome/100.0.4896.60 Safari/537.36"
::1 - - [05/Apr/2022:04:07:40 +0000] "POST /api/payment-success HTTP/1.1" 200 1210 "http://localhost:3000/" "Mozilla/5.0 (Macintosh; Intel Mac OS X 10_15_7) AppleWebKit/537.36 (KHTML, like Gecko) Chrome/100.0.4896.60 Safari/537.36"
::1 - - [05/Apr/2022:04:09:34 +0000] "POST /api/verify-otp HTTP/1.1" 400 37 "http://localhost:3000/" "Mozilla/5.0 (Macintosh; Intel Mac OS X 10_15_7) AppleWebKit/537.36 (KHTML, like Gecko) Chrome/100.0.4896.60 Safari/537.36"
::1 - - [05/Apr/2022:04:09:41 +0000] "POST /api/verify-otp HTTP/1.1" 400 37 "http://localhost:3000/" "Mozilla/5.0 (Macintosh; Intel Mac OS X 10_15_7) AppleWebKit/537.36 (KHTML, like Gecko) Chrome/100.0.4896.60 Safari/537.36"
::1 - - [05/Apr/2022:04:13:13 +0000] "POST /api/verify-otp HTTP/1.1" 400 25 "http://localhost:3000/" "Mozilla/5.0 (Macintosh; Intel Mac OS X 10_15_7) AppleWebKit/537.36 (KHTML, like Gecko) Chrome/100.0.4896.60 Safari/537.36"
::1 - - [05/Apr/2022:04:13:26 +0000] "POST /api/verify-otp HTTP/1.1" 400 25 "http://localhost:3000/" "Mozilla/5.0 (Macintosh; Intel Mac OS X 10_15_7) AppleWebKit/537.36 (KHTML, like Gecko) Chrome/100.0.4896.60 Safari/537.36"
::1 - - [05/Apr/2022:04:13:57 +0000] "POST /api/verify-otp HTTP/1.1" 400 25 "http://localhost:3000/" "Mozilla/5.0 (Macintosh; Intel Mac OS X 10_15_7) AppleWebKit/537.36 (KHTML, like Gecko) Chrome/100.0.4896.60 Safari/537.36"
::1 - - [05/Apr/2022:04:14:01 +0000] "POST /api/verify-otp HTTP/1.1" 400 25 "http://localhost:3000/" "Mozilla/5.0 (Macintosh; Intel Mac OS X 10_15_7) AppleWebKit/537.36 (KHTML, like Gecko) Chrome/100.0.4896.60 Safari/537.36"
::1 - - [05/Apr/2022:04:14:02 +0000] "POST /api/verify-otp HTTP/1.1" 400 25 "http://localhost:3000/" "Mozilla/5.0 (Macintosh; Intel Mac OS X 10_15_7) AppleWebKit/537.36 (KHTML, like Gecko) Chrome/100.0.4896.60 Safari/537.36"
::1 - - [05/Apr/2022:04:14:40 +0000] "POST /api/verify-otp HTTP/1.1" 400 25 "http://localhost:3000/" "Mozilla/5.0 (Macintosh; Intel Mac OS X 10_15_7) AppleWebKit/537.36 (KHTML, like Gecko) Chrome/100.0.4896.60 Safari/537.36"
::1 - - [28/Apr/2022:09:52:23 +0000] "POST /api/payment-success HTTP/1.1" 400 46 "-" "PostmanRuntime/7.29.0"
::1 - - [28/Apr/2022:09:55:08 +0000] "POST /api/send-otp HTTP/1.1" 200 113 "http://localhost:3000/" "Mozilla/5.0 (Macintosh; Intel Mac OS X 10_15_7) AppleWebKit/537.36 (KHTML, like Gecko) Chrome/100.0.4896.60 Safari/537.36"
::1 - - [28/Apr/2022:09:55:41 +0000] "POST /api/verify-otp HTTP/1.1" 200 276 "http://localhost:3000/" "Mozilla/5.0 (Macintosh; Intel Mac OS X 10_15_7) AppleWebKit/537.36 (KHTML, like Gecko) Chrome/100.0.4896.60 Safari/537.36"
::1 - - [28/Apr/2022:09:56:14 +0000] "POST /api/payment-success HTTP/1.1" 500 30 "http://localhost:3000/" "Mozilla/5.0 (Macintosh; Intel Mac OS X 10_15_7) AppleWebKit/537.36 (KHTML, like Gecko) Chrome/100.0.4896.60 Safari/537.36"
::1 - - [28/Apr/2022:09:59:53 +0000] "POST /api/send-otp HTTP/1.1" 200 113 "http://localhost:3000/" "Mozilla/5.0 (Linux; Android 6.0; Nexus 5 Build/MRA58N) AppleWebKit/537.36 (KHTML, like Gecko) Chrome/100.0.4896.60 Mobile Safari/537.36"
::1 - - [28/Apr/2022:10:01:08 +0000] "POST /api/verify-otp HTTP/1.1" 200 274 "http://localhost:3000/" "Mozilla/5.0 (Linux; Android 6.0; Nexus 5 Build/MRA58N) AppleWebKit/537.36 (KHTML, like Gecko) Chrome/100.0.4896.60 Mobile Safari/537.36"
::1 - - [28/Apr/2022:10:01:50 +0000] "POST /api/payment-success HTTP/1.1" 200 1217 "http://localhost:3000/" "Mozilla/5.0 (Linux; Android 6.0; Nexus 5 Build/MRA58N) AppleWebKit/537.36 (KHTML, like Gecko) Chrome/100.0.4896.60 Mobile Safari/537.36"
::1 - - [28/Apr/2022:10:03:50 +0000] "POST /api/send-otp HTTP/1.1" 200 113 "http://localhost:3000/" "Mozilla/5.0 (Linux; Android 6.0; Nexus 5 Build/MRA58N) AppleWebKit/537.36 (KHTML, like Gecko) Chrome/100.0.4896.60 Mobile Safari/537.36"
::1 - - [28/Apr/2022:10:04:19 +0000] "POST /api/verify-otp HTTP/1.1" 200 276 "http://localhost:3000/" "Mozilla/5.0 (Linux; Android 6.0; Nexus 5 Build/MRA58N) AppleWebKit/537.36 (KHTML, like Gecko) Chrome/100.0.4896.60 Mobile Safari/537.36"
::1 - - [28/Apr/2022:10:04:43 +0000] "POST /api/payment-success HTTP/1.1" 200 1218 "http://localhost:3000/" "Mozilla/5.0 (Linux; Android 6.0; Nexus 5 Build/MRA58N) AppleWebKit/537.36 (KHTML, like Gecko) Chrome/100.0.4896.60 Mobile Safari/537.36"
